0 info it worked if it ends with ok
1 verbose cli [ '/usr/local/bin/node',
1 verbose cli   '/usr/local/bin/npm',
1 verbose cli   'install',
1 verbose cli   '--save-dev',
1 verbose cli   'react-route' ]
2 info using npm@2.15.8
3 info using node@v4.4.7
4 verbose install initial load of /Applications/MAMP/htdocs/react_proto/project/route/package.json
5 warn package.json webpack@1.0.0 No description
6 warn package.json webpack@1.0.0 No repository field.
7 warn package.json webpack@1.0.0 scripts['server'] should probably be scripts['start'].
8 warn package.json webpack@1.0.0 No README data
9 verbose installManyTop reading scoped package data from /Applications/MAMP/htdocs/react_proto/project/route/node_modules/babel-core/package.json
10 verbose installManyTop reading scoped package data from /Applications/MAMP/htdocs/react_proto/project/route/node_modules/babel-loader/package.json
11 verbose installManyTop reading scoped package data from /Applications/MAMP/htdocs/react_proto/project/route/node_modules/babel-preset-react/package.json
12 verbose installManyTop reading scoped package data from /Applications/MAMP/htdocs/react_proto/project/route/node_modules/react/package.json
13 verbose installManyTop reading scoped package data from /Applications/MAMP/htdocs/react_proto/project/route/node_modules/react-dom/package.json
14 verbose installManyTop reading scoped package data from /Applications/MAMP/htdocs/react_proto/project/route/node_modules/react-router/package.json
15 verbose installManyTop reading scoped package data from /Applications/MAMP/htdocs/react_proto/project/route/node_modules/webpack/package.json
16 verbose installManyTop reading scoped package data from /Applications/MAMP/htdocs/react_proto/project/route/node_modules/webpack-dev-server/package.json
17 verbose readDependencies loading dependencies from /Applications/MAMP/htdocs/react_proto/project/route/package.json
18 silly cache add args [ 'react-route', null ]
19 verbose cache add spec react-route
20 silly cache add parsed spec Result {
20 silly cache add   raw: 'react-route',
20 silly cache add   scope: null,
20 silly cache add   name: 'react-route',
20 silly cache add   rawSpec: '',
20 silly cache add   spec: 'latest',
20 silly cache add   type: 'tag' }
21 silly addNamed react-route@latest
22 verbose addNamed "latest" is being treated as a dist-tag for react-route
23 info addNameTag [ 'react-route', 'latest' ]
24 silly mapToRegistry name react-route
25 silly mapToRegistry using default registry
26 silly mapToRegistry registry https://registry.npmjs.org/
27 silly mapToRegistry data Result {
27 silly mapToRegistry   raw: 'react-route',
27 silly mapToRegistry   scope: null,
27 silly mapToRegistry   name: 'react-route',
27 silly mapToRegistry   rawSpec: '',
27 silly mapToRegistry   spec: 'latest',
27 silly mapToRegistry   type: 'tag' }
28 silly mapToRegistry uri https://registry.npmjs.org/react-route
29 verbose addNameTag registry:https://registry.npmjs.org/react-route not in flight; fetching
30 verbose request uri https://registry.npmjs.org/react-route
31 verbose request no auth needed
32 info attempt registry request try #1 at 10:57:01
33 verbose request id 3fd5fd4374618e15
34 http request GET https://registry.npmjs.org/react-route
35 http 200 https://registry.npmjs.org/react-route
36 verbose headers { server: 'nginx/1.10.1',
36 verbose headers   'content-type': 'application/json',
36 verbose headers   'last-modified': 'Thu, 24 Sep 2015 07:31:44 GMT',
36 verbose headers   etag: 'W/"5603a6e0-14cf"',
36 verbose headers   'content-encoding': 'gzip',
36 verbose headers   'cache-control': 'max-age=300',
36 verbose headers   'content-length': '1480',
36 verbose headers   'accept-ranges': 'bytes',
36 verbose headers   date: 'Mon, 28 Nov 2016 01:57:03 GMT',
36 verbose headers   via: '1.1 varnish',
36 verbose headers   age: '0',
36 verbose headers   connection: 'keep-alive',
36 verbose headers   'x-served-by': 'cache-nrt6126-NRT',
36 verbose headers   'x-cache': 'MISS',
36 verbose headers   'x-cache-hits': '0',
36 verbose headers   'x-timer': 'S1480298222.915339,VS0,VE154',
36 verbose headers   vary: 'Accept-Encoding' }
37 silly get cb [ 200,
37 silly get   { server: 'nginx/1.10.1',
37 silly get     'content-type': 'application/json',
37 silly get     'last-modified': 'Thu, 24 Sep 2015 07:31:44 GMT',
37 silly get     etag: 'W/"5603a6e0-14cf"',
37 silly get     'content-encoding': 'gzip',
37 silly get     'cache-control': 'max-age=300',
37 silly get     'content-length': '1480',
37 silly get     'accept-ranges': 'bytes',
37 silly get     date: 'Mon, 28 Nov 2016 01:57:03 GMT',
37 silly get     via: '1.1 varnish',
37 silly get     age: '0',
37 silly get     connection: 'keep-alive',
37 silly get     'x-served-by': 'cache-nrt6126-NRT',
37 silly get     'x-cache': 'MISS',
37 silly get     'x-cache-hits': '0',
37 silly get     'x-timer': 'S1480298222.915339,VS0,VE154',
37 silly get     vary: 'Accept-Encoding' } ]
38 verbose get saving react-route to /Users/we/.npm/registry.npmjs.org/react-route/.cache.json
39 verbose correctMkdir /Users/we/.npm correctMkdir not in flight; initializing
40 silly addNameTag next cb for react-route with tag latest
41 silly addNamed react-route@1.0.3
42 verbose addNamed "1.0.3" is a plain semver version for react-route
43 silly mapToRegistry name react-route
44 silly mapToRegistry using default registry
45 silly mapToRegistry registry https://registry.npmjs.org/
46 silly mapToRegistry data Result {
46 silly mapToRegistry   raw: 'react-route',
46 silly mapToRegistry   scope: null,
46 silly mapToRegistry   name: 'react-route',
46 silly mapToRegistry   rawSpec: '',
46 silly mapToRegistry   spec: 'latest',
46 silly mapToRegistry   type: 'tag' }
47 silly mapToRegistry uri https://registry.npmjs.org/react-route
48 verbose addRemoteTarball https://registry.npmjs.org/react-route/-/react-route-1.0.3.tgz not in flight; adding
49 verbose addRemoteTarball [ 'https://registry.npmjs.org/react-route/-/react-route-1.0.3.tgz',
49 verbose addRemoteTarball   '44220aa1c7f17a5af91f11cfc256e6ad4fbd535d' ]
50 info retry fetch attempt 1 at 10:57:01
51 info attempt registry request try #1 at 10:57:01
52 http fetch GET https://registry.npmjs.org/react-route/-/react-route-1.0.3.tgz
53 http fetch 200 https://registry.npmjs.org/react-route/-/react-route-1.0.3.tgz
54 silly fetchAndShaCheck shasum 44220aa1c7f17a5af91f11cfc256e6ad4fbd535d
55 verbose addTmpTarball /tmp/npm-77991-61806c69/registry.npmjs.org/react-route/-/react-route-1.0.3.tgz not in flight; adding
56 verbose addTmpTarball already have metadata; skipping unpack for react-route@1.0.3
57 verbose correctMkdir /Users/we/.npm correctMkdir not in flight; initializing
58 silly cache afterAdd react-route@1.0.3
59 verbose afterAdd /Users/we/.npm/react-route/1.0.3/package/package.json not in flight; writing
60 verbose correctMkdir /Users/we/.npm correctMkdir not in flight; initializing
61 verbose afterAdd /Users/we/.npm/react-route/1.0.3/package/package.json written
62 silly install resolved [ { name: 'react-route',
62 silly install resolved     version: '1.0.3',
62 silly install resolved     description: 'tiny react router thats less opinionated than react-router',
62 silly install resolved     main: 'index.js',
62 silly install resolved     scripts: { test: 'make test' },
62 silly install resolved     keywords: [ 'react', 'router', 'tiny', 'mini', 'small' ],
62 silly install resolved     author: { name: 'Matthew Mueller' },
62 silly install resolved     license: 'MIT',
62 silly install resolved     dependencies:
62 silly install resolved      { 'component-emitter': '^1.2.0',
62 silly install resolved        'object-assign': '^3.0.0',
62 silly install resolved        'path-to-regexp': '^1.2.0' },
62 silly install resolved     devDependencies: { roo: '^0.4.5' },
62 silly install resolved     peerDependencies: { react: '^0.13.3 || ^0.14.0-rc1' },
62 silly install resolved     gitHead: '41a53de966d5b315e98f5f16240e314efe21b2ad',
62 silly install resolved     _id: 'react-route@1.0.3',
62 silly install resolved     _shasum: '44220aa1c7f17a5af91f11cfc256e6ad4fbd535d',
62 silly install resolved     _from: 'react-route@latest',
62 silly install resolved     _npmVersion: '2.14.5',
62 silly install resolved     _nodeVersion: '0.12.7',
62 silly install resolved     _npmUser: { name: 'mattmueller', email: 'mattmuelle@gmail.com' },
62 silly install resolved     maintainers: [ [Object] ],
62 silly install resolved     dist:
62 silly install resolved      { shasum: '44220aa1c7f17a5af91f11cfc256e6ad4fbd535d',
62 silly install resolved        tarball: 'https://registry.npmjs.org/react-route/-/react-route-1.0.3.tgz' },
62 silly install resolved     directories: {},
62 silly install resolved     _resolved: 'https://registry.npmjs.org/react-route/-/react-route-1.0.3.tgz' } ]
63 info install react-route@1.0.3 into /Applications/MAMP/htdocs/react_proto/project/route
64 info installOne react-route@1.0.3
65 verbose installOne of react-route to /Applications/MAMP/htdocs/react_proto/project/route not in flight; installing
66 verbose correctMkdir /Users/we/.npm/_locks correctMkdir not in flight; initializing
67 verbose lock using /Users/we/.npm/_locks/react-route-8c961de24c04ae04.lock for /Applications/MAMP/htdocs/react_proto/project/route/node_modules/react-route
68 silly install write writing react-route 1.0.3 to /Applications/MAMP/htdocs/react_proto/project/route/node_modules/react-route
69 verbose unbuild node_modules/react-route
70 silly gentlyRm /Applications/MAMP/htdocs/react_proto/project/route/node_modules/react-route is being purged from base /Applications/MAMP/htdocs/react_proto/project/route
71 verbose gentlyRm don't care about contents; nuking /Applications/MAMP/htdocs/react_proto/project/route/node_modules/react-route
72 verbose tar unpack /Users/we/.npm/react-route/1.0.3/package.tgz
73 verbose tar unpacking to /Applications/MAMP/htdocs/react_proto/project/route/node_modules/react-route
74 silly gentlyRm /Applications/MAMP/htdocs/react_proto/project/route/node_modules/react-route is being purged
75 verbose gentlyRm don't care about contents; nuking /Applications/MAMP/htdocs/react_proto/project/route/node_modules/react-route
76 silly gunzTarPerm modes [ '755', '644' ]
77 silly gunzTarPerm extractEntry package.json
78 silly gunzTarPerm extractEntry .npmignore
79 silly gunzTarPerm extractEntry index.js
80 silly gunzTarPerm extractEntry History.md
81 silly gunzTarPerm modified mode [ 'History.md', 384, 420 ]
82 silly gunzTarPerm extractEntry Makefile
83 silly gunzTarPerm extractEntry Readme.md
84 silly gunzTarPerm extractEntry example/index.js
85 silly gunzTarPerm extractEntry lib/bus.js
86 silly gunzTarPerm extractEntry lib/fill.js
87 silly gunzTarPerm extractEntry lib/go.js
88 silly gunzTarPerm extractEntry lib/location.js
89 silly gunzTarPerm extractEntry lib/match.js
90 silly gunzTarPerm extractEntry lib/route.js
91 verbose write writing to /Applications/MAMP/htdocs/react_proto/project/route/node_modules/react-route/package.json
92 info preinstall react-route@1.0.3
93 verbose readDependencies loading dependencies from /Applications/MAMP/htdocs/react_proto/project/route/node_modules/react-route/package.json
94 silly prepareForInstallMany adding component-emitter@^1.2.0 from react-route dependencies
95 silly prepareForInstallMany adding object-assign@^3.0.0 from react-route dependencies
96 silly prepareForInstallMany adding path-to-regexp@^1.2.0 from react-route dependencies
97 silly prepareForInstallMany adding react@^0.13.3 || ^0.14.0-rc1 from react-route peerDependencies
98 warn peerDependencies The peer dependency react@^0.13.3 || ^0.14.0-rc1 included from react-route will no
99 warn peerDependencies longer be automatically installed to fulfill the peerDependency
100 warn peerDependencies in npm 3+. Your application will need to depend on it explicitly.
101 verbose readDependencies loading dependencies from /Applications/MAMP/htdocs/react_proto/project/route/node_modules/react-route/package.json
102 silly cache add args [ 'component-emitter@^1.2.0', null ]
103 verbose cache add spec component-emitter@^1.2.0
104 silly cache add args [ 'object-assign@^3.0.0', null ]
105 verbose cache add spec object-assign@^3.0.0
106 silly cache add parsed spec Result {
106 silly cache add   raw: 'component-emitter@^1.2.0',
106 silly cache add   scope: null,
106 silly cache add   name: 'component-emitter',
106 silly cache add   rawSpec: '^1.2.0',
106 silly cache add   spec: '>=1.2.0 <2.0.0',
106 silly cache add   type: 'range' }
107 silly addNamed component-emitter@>=1.2.0 <2.0.0
108 verbose addNamed ">=1.2.0 <2.0.0" is a valid semver range for component-emitter
109 silly addNameRange { name: 'component-emitter',
109 silly addNameRange   range: '>=1.2.0 <2.0.0',
109 silly addNameRange   hasData: false }
110 silly mapToRegistry name component-emitter
111 silly mapToRegistry using default registry
112 silly mapToRegistry registry https://registry.npmjs.org/
113 silly mapToRegistry data Result {
113 silly mapToRegistry   raw: 'component-emitter',
113 silly mapToRegistry   scope: null,
113 silly mapToRegistry   name: 'component-emitter',
113 silly mapToRegistry   rawSpec: '',
113 silly mapToRegistry   spec: 'latest',
113 silly mapToRegistry   type: 'tag' }
114 silly mapToRegistry uri https://registry.npmjs.org/component-emitter
115 verbose addNameRange registry:https://registry.npmjs.org/component-emitter not in flight; fetching
116 silly cache add parsed spec Result {
116 silly cache add   raw: 'object-assign@^3.0.0',
116 silly cache add   scope: null,
116 silly cache add   name: 'object-assign',
116 silly cache add   rawSpec: '^3.0.0',
116 silly cache add   spec: '>=3.0.0 <4.0.0',
116 silly cache add   type: 'range' }
117 silly addNamed object-assign@>=3.0.0 <4.0.0
118 verbose addNamed ">=3.0.0 <4.0.0" is a valid semver range for object-assign
119 silly addNameRange { name: 'object-assign',
119 silly addNameRange   range: '>=3.0.0 <4.0.0',
119 silly addNameRange   hasData: false }
120 silly mapToRegistry name object-assign
121 silly mapToRegistry using default registry
122 silly mapToRegistry registry https://registry.npmjs.org/
123 silly mapToRegistry data Result {
123 silly mapToRegistry   raw: 'object-assign',
123 silly mapToRegistry   scope: null,
123 silly mapToRegistry   name: 'object-assign',
123 silly mapToRegistry   rawSpec: '',
123 silly mapToRegistry   spec: 'latest',
123 silly mapToRegistry   type: 'tag' }
124 silly mapToRegistry uri https://registry.npmjs.org/object-assign
125 verbose addNameRange registry:https://registry.npmjs.org/object-assign not in flight; fetching
126 silly cache add args [ 'path-to-regexp@^1.2.0', null ]
127 verbose cache add spec path-to-regexp@^1.2.0
128 silly cache add parsed spec Result {
128 silly cache add   raw: 'path-to-regexp@^1.2.0',
128 silly cache add   scope: null,
128 silly cache add   name: 'path-to-regexp',
128 silly cache add   rawSpec: '^1.2.0',
128 silly cache add   spec: '>=1.2.0 <2.0.0',
128 silly cache add   type: 'range' }
129 silly addNamed path-to-regexp@>=1.2.0 <2.0.0
130 verbose addNamed ">=1.2.0 <2.0.0" is a valid semver range for path-to-regexp
131 silly addNameRange { name: 'path-to-regexp',
131 silly addNameRange   range: '>=1.2.0 <2.0.0',
131 silly addNameRange   hasData: false }
132 silly mapToRegistry name path-to-regexp
133 silly mapToRegistry using default registry
134 silly mapToRegistry registry https://registry.npmjs.org/
135 silly mapToRegistry data Result {
135 silly mapToRegistry   raw: 'path-to-regexp',
135 silly mapToRegistry   scope: null,
135 silly mapToRegistry   name: 'path-to-regexp',
135 silly mapToRegistry   rawSpec: '',
135 silly mapToRegistry   spec: 'latest',
135 silly mapToRegistry   type: 'tag' }
136 silly mapToRegistry uri https://registry.npmjs.org/path-to-regexp
137 verbose addNameRange registry:https://registry.npmjs.org/path-to-regexp not in flight; fetching
138 verbose request uri https://registry.npmjs.org/object-assign
139 verbose request no auth needed
140 info attempt registry request try #1 at 10:57:02
141 verbose etag W/"58072429-55c7"
142 verbose lastModified Wed, 19 Oct 2016 07:43:37 GMT
143 http request GET https://registry.npmjs.org/object-assign
144 verbose request uri https://registry.npmjs.org/component-emitter
145 verbose request no auth needed
146 info attempt registry request try #1 at 10:57:02
147 verbose etag "677BOSMP0ZTJOTMOBAWWC9DSA"
148 http request GET https://registry.npmjs.org/component-emitter
149 verbose request uri https://registry.npmjs.org/path-to-regexp
150 verbose request no auth needed
151 info attempt registry request try #1 at 10:57:02
152 verbose etag W/"5833b6dc-17948"
153 verbose lastModified Tue, 22 Nov 2016 03:09:16 GMT
154 http request GET https://registry.npmjs.org/path-to-regexp
155 http 304 https://registry.npmjs.org/object-assign
156 verbose headers { date: 'Mon, 28 Nov 2016 01:57:03 GMT',
156 verbose headers   via: '1.1 varnish',
156 verbose headers   'cache-control': 'max-age=300',
156 verbose headers   etag: 'W/"58072429-55c7"',
156 verbose headers   age: '208',
156 verbose headers   connection: 'keep-alive',
156 verbose headers   'x-served-by': 'cache-nrt6126-NRT',
156 verbose headers   'x-cache': 'HIT',
156 verbose headers   'x-cache-hits': '10',
156 verbose headers   'x-timer': 'S1480298223.467637,VS0,VE0',
156 verbose headers   vary: 'Accept-Encoding' }
157 silly get cb [ 304,
157 silly get   { date: 'Mon, 28 Nov 2016 01:57:03 GMT',
157 silly get     via: '1.1 varnish',
157 silly get     'cache-control': 'max-age=300',
157 silly get     etag: 'W/"58072429-55c7"',
157 silly get     age: '208',
157 silly get     connection: 'keep-alive',
157 silly get     'x-served-by': 'cache-nrt6126-NRT',
157 silly get     'x-cache': 'HIT',
157 silly get     'x-cache-hits': '10',
157 silly get     'x-timer': 'S1480298223.467637,VS0,VE0',
157 silly get     vary: 'Accept-Encoding' } ]
158 verbose etag https://registry.npmjs.org/object-assign from cache
159 verbose get saving object-assign to /Users/we/.npm/registry.npmjs.org/object-assign/.cache.json
160 verbose correctMkdir /Users/we/.npm correctMkdir not in flight; initializing
161 silly addNameRange number 2 { name: 'object-assign', range: '>=3.0.0 <4.0.0', hasData: true }
162 silly addNameRange versions [ 'object-assign',
162 silly addNameRange   [ '0.1.0',
162 silly addNameRange     '0.1.1',
162 silly addNameRange     '0.1.2',
162 silly addNameRange     '0.2.0',
162 silly addNameRange     '0.2.1',
162 silly addNameRange     '0.2.2',
162 silly addNameRange     '0.3.0',
162 silly addNameRange     '0.3.1',
162 silly addNameRange     '0.4.0',
162 silly addNameRange     '1.0.0',
162 silly addNameRange     '2.0.0',
162 silly addNameRange     '3.0.0',
162 silly addNameRange     '2.1.1',
162 silly addNameRange     '4.0.0',
162 silly addNameRange     '4.0.1',
162 silly addNameRange     '4.1.0' ] ]
163 silly addNamed object-assign@3.0.0
164 verbose addNamed "3.0.0" is a plain semver version for object-assign
165 silly cache afterAdd object-assign@3.0.0
166 verbose afterAdd /Users/we/.npm/object-assign/3.0.0/package/package.json not in flight; writing
167 verbose correctMkdir /Users/we/.npm correctMkdir not in flight; initializing
168 verbose afterAdd /Users/we/.npm/object-assign/3.0.0/package/package.json written
169 http 200 https://registry.npmjs.org/component-emitter
170 verbose headers { server: 'nginx/1.10.1',
170 verbose headers   'content-type': 'application/json',
170 verbose headers   'last-modified': 'Wed, 26 Oct 2016 18:24:01 GMT',
170 verbose headers   etag: 'W/"5810f4c1-3154"',
170 verbose headers   'content-encoding': 'gzip',
170 verbose headers   'cache-control': 'max-age=300',
170 verbose headers   'content-length': '2244',
170 verbose headers   'accept-ranges': 'bytes',
170 verbose headers   date: 'Mon, 28 Nov 2016 01:57:03 GMT',
170 verbose headers   via: '1.1 varnish',
170 verbose headers   age: '122',
170 verbose headers   connection: 'keep-alive',
170 verbose headers   'x-served-by': 'cache-nrt6126-NRT',
170 verbose headers   'x-cache': 'HIT',
170 verbose headers   'x-cache-hits': '5',
170 verbose headers   'x-timer': 'S1480298223.549256,VS0,VE0',
170 verbose headers   vary: 'Accept-Encoding' }
171 silly get cb [ 200,
171 silly get   { server: 'nginx/1.10.1',
171 silly get     'content-type': 'application/json',
171 silly get     'last-modified': 'Wed, 26 Oct 2016 18:24:01 GMT',
171 silly get     etag: 'W/"5810f4c1-3154"',
171 silly get     'content-encoding': 'gzip',
171 silly get     'cache-control': 'max-age=300',
171 silly get     'content-length': '2244',
171 silly get     'accept-ranges': 'bytes',
171 silly get     date: 'Mon, 28 Nov 2016 01:57:03 GMT',
171 silly get     via: '1.1 varnish',
171 silly get     age: '122',
171 silly get     connection: 'keep-alive',
171 silly get     'x-served-by': 'cache-nrt6126-NRT',
171 silly get     'x-cache': 'HIT',
171 silly get     'x-cache-hits': '5',
171 silly get     'x-timer': 'S1480298223.549256,VS0,VE0',
171 silly get     vary: 'Accept-Encoding' } ]
172 verbose get saving component-emitter to /Users/we/.npm/registry.npmjs.org/component-emitter/.cache.json
173 verbose correctMkdir /Users/we/.npm correctMkdir not in flight; initializing
174 http 304 https://registry.npmjs.org/path-to-regexp
175 verbose headers { date: 'Mon, 28 Nov 2016 01:57:03 GMT',
175 verbose headers   via: '1.1 varnish',
175 verbose headers   'cache-control': 'max-age=300',
175 verbose headers   etag: 'W/"5833b6dc-17948"',
175 verbose headers   age: '189',
175 verbose headers   connection: 'keep-alive',
175 verbose headers   'x-served-by': 'cache-nrt6123-NRT',
175 verbose headers   'x-cache': 'HIT',
175 verbose headers   'x-cache-hits': '3',
175 verbose headers   'x-timer': 'S1480298223.554367,VS0,VE0',
175 verbose headers   vary: 'Accept-Encoding' }
176 silly get cb [ 304,
176 silly get   { date: 'Mon, 28 Nov 2016 01:57:03 GMT',
176 silly get     via: '1.1 varnish',
176 silly get     'cache-control': 'max-age=300',
176 silly get     etag: 'W/"5833b6dc-17948"',
176 silly get     age: '189',
176 silly get     connection: 'keep-alive',
176 silly get     'x-served-by': 'cache-nrt6123-NRT',
176 silly get     'x-cache': 'HIT',
176 silly get     'x-cache-hits': '3',
176 silly get     'x-timer': 'S1480298223.554367,VS0,VE0',
176 silly get     vary: 'Accept-Encoding' } ]
177 verbose etag https://registry.npmjs.org/path-to-regexp from cache
178 verbose get saving path-to-regexp to /Users/we/.npm/registry.npmjs.org/path-to-regexp/.cache.json
179 verbose correctMkdir /Users/we/.npm correctMkdir not in flight; initializing
180 silly addNameRange number 2 { name: 'component-emitter',
180 silly addNameRange   range: '>=1.2.0 <2.0.0',
180 silly addNameRange   hasData: true }
181 silly addNameRange versions [ 'component-emitter', [ '1.1.2', '1.1.3', '1.2.0', '1.2.1' ] ]
182 silly addNamed component-emitter@1.2.1
183 verbose addNamed "1.2.1" is a plain semver version for component-emitter
184 silly addNameRange number 2 { name: 'path-to-regexp',
184 silly addNameRange   range: '>=1.2.0 <2.0.0',
184 silly addNameRange   hasData: true }
185 silly addNameRange versions [ 'path-to-regexp',
185 silly addNameRange   [ '0.0.1',
185 silly addNameRange     '0.0.2',
185 silly addNameRange     '0.1.0',
185 silly addNameRange     '0.1.1',
185 silly addNameRange     '0.1.2',
185 silly addNameRange     '0.2.0',
185 silly addNameRange     '0.2.1',
185 silly addNameRange     '0.1.3',
185 silly addNameRange     '0.2.2',
185 silly addNameRange     '0.2.3',
185 silly addNameRange     '0.2.4',
185 silly addNameRange     '0.2.5',
185 silly addNameRange     '1.0.0',
185 silly addNameRange     '1.0.1',
185 silly addNameRange     '1.0.2',
185 silly addNameRange     '1.0.3',
185 silly addNameRange     '0.1.4',
185 silly addNameRange     '0.1.5',
185 silly addNameRange     '1.1.0',
185 silly addNameRange     '1.1.1',
185 silly addNameRange     '1.2.0',
185 silly addNameRange     '0.1.6',
185 silly addNameRange     '0.1.7',
185 silly addNameRange     '1.2.1',
185 silly addNameRange     '1.3.0',
185 silly addNameRange     '1.4.0',
185 silly addNameRange     '1.5.0',
185 silly addNameRange     '1.5.1',
185 silly addNameRange     '1.5.2',
185 silly addNameRange     '1.5.3',
185 silly addNameRange     '1.6.0',
185 silly addNameRange     '1.7.0' ] ]
186 silly addNamed path-to-regexp@1.7.0
187 verbose addNamed "1.7.0" is a plain semver version for path-to-regexp
188 silly mapToRegistry name path-to-regexp
189 silly mapToRegistry using default registry
190 silly mapToRegistry registry https://registry.npmjs.org/
191 silly mapToRegistry data Result {
191 silly mapToRegistry   raw: 'path-to-regexp',
191 silly mapToRegistry   scope: null,
191 silly mapToRegistry   name: 'path-to-regexp',
191 silly mapToRegistry   rawSpec: '',
191 silly mapToRegistry   spec: 'latest',
191 silly mapToRegistry   type: 'tag' }
192 silly mapToRegistry uri https://registry.npmjs.org/path-to-regexp
193 verbose addRemoteTarball https://registry.npmjs.org/path-to-regexp/-/path-to-regexp-1.7.0.tgz not in flight; adding
194 verbose addRemoteTarball [ 'https://registry.npmjs.org/path-to-regexp/-/path-to-regexp-1.7.0.tgz',
194 verbose addRemoteTarball   '59fde0f435badacba103a84e9d3bc64e96b9937d' ]
195 info retry fetch attempt 1 at 10:57:02
196 info attempt registry request try #1 at 10:57:02
197 http fetch GET https://registry.npmjs.org/path-to-regexp/-/path-to-regexp-1.7.0.tgz
198 silly cache afterAdd component-emitter@1.2.1
199 verbose afterAdd /Users/we/.npm/component-emitter/1.2.1/package/package.json not in flight; writing
200 verbose correctMkdir /Users/we/.npm correctMkdir not in flight; initializing
201 verbose afterAdd /Users/we/.npm/component-emitter/1.2.1/package/package.json written
202 http fetch 200 https://registry.npmjs.org/path-to-regexp/-/path-to-regexp-1.7.0.tgz
203 silly fetchAndShaCheck shasum 59fde0f435badacba103a84e9d3bc64e96b9937d
204 verbose addTmpTarball /tmp/npm-77991-61806c69/registry.npmjs.org/path-to-regexp/-/path-to-regexp-1.7.0.tgz not in flight; adding
205 verbose addTmpTarball already have metadata; skipping unpack for path-to-regexp@1.7.0
206 verbose correctMkdir /Users/we/.npm correctMkdir not in flight; initializing
207 silly cache afterAdd path-to-regexp@1.7.0
208 verbose afterAdd /Users/we/.npm/path-to-regexp/1.7.0/package/package.json not in flight; writing
209 verbose correctMkdir /Users/we/.npm correctMkdir not in flight; initializing
210 verbose afterAdd /Users/we/.npm/path-to-regexp/1.7.0/package/package.json written
211 silly install resolved [ { name: 'object-assign',
211 silly install resolved     version: '3.0.0',
211 silly install resolved     description: 'ES6 Object.assign() ponyfill',
211 silly install resolved     license: 'MIT',
211 silly install resolved     repository:
211 silly install resolved      { type: 'git',
211 silly install resolved        url: 'git+https://github.com/sindresorhus/object-assign.git' },
211 silly install resolved     author:
211 silly install resolved      { name: 'Sindre Sorhus',
211 silly install resolved        email: 'sindresorhus@gmail.com',
211 silly install resolved        url: 'http://sindresorhus.com' },
211 silly install resolved     engines: { node: '>=0.10.0' },
211 silly install resolved     scripts: { test: 'mocha' },
211 silly install resolved     files: [ 'index.js' ],
211 silly install resolved     keywords:
211 silly install resolved      [ 'object',
211 silly install resolved        'assign',
211 silly install resolved        'extend',
211 silly install resolved        'properties',
211 silly install resolved        'es6',
211 silly install resolved        'ecmascript',
211 silly install resolved        'harmony',
211 silly install resolved        'ponyfill',
211 silly install resolved        'prollyfill',
211 silly install resolved        'polyfill',
211 silly install resolved        'shim',
211 silly install resolved        'browser' ],
211 silly install resolved     devDependencies: { mocha: '*' },
211 silly install resolved     gitHead: '02622dcb0d82bd81a071ed0b04fedf5e5eea7059',
211 silly install resolved     bugs: { url: 'https://github.com/sindresorhus/object-assign/issues' },
211 silly install resolved     homepage: 'https://github.com/sindresorhus/object-assign',
211 silly install resolved     _id: 'object-assign@3.0.0',
211 silly install resolved     _shasum: '9bedd5ca0897949bca47e7ff408062d549f587f2',
211 silly install resolved     _from: 'object-assign@>=3.0.0 <4.0.0',
211 silly install resolved     _npmVersion: '2.10.1',
211 silly install resolved     _nodeVersion: '0.12.4',
211 silly install resolved     _npmUser: { name: 'sindresorhus', email: 'sindresorhus@gmail.com' },
211 silly install resolved     dist:
211 silly install resolved      { shasum: '9bedd5ca0897949bca47e7ff408062d549f587f2',
211 silly install resolved        tarball: 'https://registry.npmjs.org/object-assign/-/object-assign-3.0.0.tgz' },
211 silly install resolved     maintainers: [ [Object] ],
211 silly install resolved     directories: {},
211 silly install resolved     _resolved: 'https://registry.npmjs.org/object-assign/-/object-assign-3.0.0.tgz',
211 silly install resolved     readme: 'ERROR: No README data found!' },
211 silly install resolved   { name: 'component-emitter',
211 silly install resolved     description: 'Event emitter',
211 silly install resolved     version: '1.2.1',
211 silly install resolved     license: 'MIT',
211 silly install resolved     devDependencies: { mocha: '*', should: '*' },
211 silly install resolved     component: { scripts: [Object] },
211 silly install resolved     main: 'index.js',
211 silly install resolved     repository:
211 silly install resolved      { type: 'git',
211 silly install resolved        url: 'git+https://github.com/component/emitter.git' },
211 silly install resolved     scripts: { test: 'make test' },
211 silly install resolved     files: [ 'index.js', 'LICENSE' ],
211 silly install resolved     gitHead: '187492ab8028c7221b589bdfd482b715149cd868',
211 silly install resolved     bugs: { url: 'https://github.com/component/emitter/issues' },
211 silly install resolved     homepage: 'https://github.com/component/emitter#readme',
211 silly install resolved     _id: 'component-emitter@1.2.1',
211 silly install resolved     _shasum: '137918d6d78283f7df7a6b7c5a63e140e69425e6',
211 silly install resolved     _from: 'component-emitter@>=1.2.0 <2.0.0',
211 silly install resolved     _npmVersion: '2.10.1',
211 silly install resolved     _nodeVersion: '0.12.4',
211 silly install resolved     _npmUser: { name: 'nami-doc', email: 'karp@hotmail.fr' },
211 silly install resolved     maintainers:
211 silly install resolved      [ [Object],
211 silly install resolved        [Object],
211 silly install resolved        [Object],
211 silly install resolved        [Object],
211 silly install resolved        [Object],
211 silly install resolved        [Object],
211 silly install resolved        [Object],
211 silly install resolved        [Object],
211 silly install resolved        [Object],
211 silly install resolved        [Object],
211 silly install resolved        [Object],
211 silly install resolved        [Object],
211 silly install resolved        [Object],
211 silly install resolved        [Object],
211 silly install resolved        [Object],
211 silly install resolved        [Object],
211 silly install resolved        [Object],
211 silly install resolved        [Object],
211 silly install resolved        [Object],
211 silly install resolved        [Object],
211 silly install resolved        [Object],
211 silly install resolved        [Object],
211 silly install resolved        [Object],
211 silly install resolved        [Object],
211 silly install resolved        [Object],
211 silly install resolved        [Object],
211 silly install resolved        [Object],
211 silly install resolved        [Object],
211 silly install resolved        [Object],
211 silly install resolved        [Object],
211 silly install resolved        [Object],
211 silly install resolved        [Object] ],
211 silly install resolved     dist:
211 silly install resolved      { shasum: '137918d6d78283f7df7a6b7c5a63e140e69425e6',
211 silly install resolved        tarball: 'https://registry.npmjs.org/component-emitter/-/component-emitter-1.2.1.tgz' },
211 silly install resolved     _npmOperationalInternal:
211 silly install resolved      { host: 'packages-12-west.internal.npmjs.com',
211 silly install resolved        tmp: 'tmp/component-emitter-1.2.1.tgz_1461005707641_0.14232611074112356' },
211 silly install resolved     directories: {},
211 silly install resolved     _resolved: 'https://registry.npmjs.org/component-emitter/-/component-emitter-1.2.1.tgz',
211 silly install resolved     readme: 'ERROR: No README data found!' },
211 silly install resolved   { name: 'path-to-regexp',
211 silly install resolved     description: 'Express style path to RegExp utility',
211 silly install resolved     version: '1.7.0',
211 silly install resolved     main: 'index.js',
211 silly install resolved     typings: 'index.d.ts',
211 silly install resolved     files: [ 'index.js', 'index.d.ts', 'LICENSE' ],
211 silly install resolved     scripts:
211 silly install resolved      { lint: 'standard',
211 silly install resolved        'test-spec': 'mocha --require ts-node/register -R spec --bail test.ts',
211 silly install resolved        'test-cov': 'istanbul cover node_modules/mocha/bin/_mocha -- --require ts-node/register -R spec test.ts',
211 silly install resolved        prepublish: 'typings install',
211 silly install resolved        test: 'npm run lint && npm run test-cov' },
211 silly install resolved     keywords: [ 'express', 'regexp', 'route', 'routing' ],
211 silly install resolved     component: { scripts: [Object] },
211 silly install resolved     license: 'MIT',
211 silly install resolved     repository:
211 silly install resolved      { type: 'git',
211 silly install resolved        url: 'git+https://github.com/pillarjs/path-to-regexp.git' },
211 silly install resolved     devDependencies:
211 silly install resolved      { chai: '^2.3.0',
211 silly install resolved        istanbul: '~0.3.0',
211 silly install resolved        mocha: '~2.2.4',
211 silly install resolved        standard: '~3.7.3',
211 silly install resolved        'ts-node': '^0.5.5',
211 silly install resolved        typescript: '^1.8.7',
211 silly install resolved        typings: '^1.0.4' },
211 silly install resolved     dependencies: { isarray: '0.0.1' },
211 silly install resolved     gitHead: 'a99ec3c149e8c1d91fa533aa54d3ee7e34449bb3',
211 silly install resolved     bugs: { url: 'https://github.com/pillarjs/path-to-regexp/issues' },
211 silly install resolved     homepage: 'https://github.com/pillarjs/path-to-regexp#readme',
211 silly install resolved     _id: 'path-to-regexp@1.7.0',
211 silly install resolved     _shasum: '59fde0f435badacba103a84e9d3bc64e96b9937d',
211 silly install resolved     _from: 'path-to-regexp@>=1.2.0 <2.0.0',
211 silly install resolved     _npmVersion: '3.10.8',
211 silly install resolved     _nodeVersion: '6.9.1',
211 silly install resolved     _npmUser: { name: 'blakeembrey', email: 'hello@blakeembrey.com' },
211 silly install resolved     dist:
211 silly install resolved      { shasum: '59fde0f435badacba103a84e9d3bc64e96b9937d',
211 silly install resolved        tarball: 'https://registry.npmjs.org/path-to-regexp/-/path-to-regexp-1.7.0.tgz' },
211 silly install resolved     maintainers:
211 silly install resolved      [ [Object],
211 silly install resolved        [Object],
211 silly install resolved        [Object],
211 silly install resolved        [Object],
211 silly install resolved        [Object],
211 silly install resolved        [Object],
211 silly install resolved        [Object],
211 silly install resolved        [Object],
211 silly install resolved        [Object],
211 silly install resolved        [Object],
211 silly install resolved        [Object],
211 silly install resolved        [Object],
211 silly install resolved        [Object],
211 silly install resolved        [Object],
211 silly install resolved        [Object],
211 silly install resolved        [Object],
211 silly install resolved        [Object],
211 silly install resolved        [Object],
211 silly install resolved        [Object],
211 silly install resolved        [Object],
211 silly install resolved        [Object],
211 silly install resolved        [Object],
211 silly install resolved        [Object],
211 silly install resolved        [Object],
211 silly install resolved        [Object],
211 silly install resolved        [Object],
211 silly install resolved        [Object],
211 silly install resolved        [Object],
211 silly install resolved        [Object],
211 silly install resolved        [Object],
211 silly install resolved        [Object],
211 silly install resolved        [Object] ],
211 silly install resolved     _npmOperationalInternal:
211 silly install resolved      { host: 'packages-18-east.internal.npmjs.com',
211 silly install resolved        tmp: 'tmp/path-to-regexp-1.7.0.tgz_1478630327407_0.5980636477470398' },
211 silly install resolved     directories: {},
211 silly install resolved     _resolved: 'https://registry.npmjs.org/path-to-regexp/-/path-to-regexp-1.7.0.tgz' } ]
212 info install object-assign@3.0.0 into /Applications/MAMP/htdocs/react_proto/project/route/node_modules/react-route
213 info install component-emitter@1.2.1 into /Applications/MAMP/htdocs/react_proto/project/route/node_modules/react-route
214 info install path-to-regexp@1.7.0 into /Applications/MAMP/htdocs/react_proto/project/route/node_modules/react-route
215 info installOne object-assign@3.0.0
216 verbose installOne of object-assign to /Applications/MAMP/htdocs/react_proto/project/route/node_modules/react-route not in flight; installing
217 verbose correctMkdir /Users/we/.npm/_locks correctMkdir not in flight; initializing
218 info installOne component-emitter@1.2.1
219 verbose installOne of component-emitter to /Applications/MAMP/htdocs/react_proto/project/route/node_modules/react-route not in flight; installing
220 verbose correctMkdir /Users/we/.npm/_locks correctMkdir not in flight; initializing
221 info installOne path-to-regexp@1.7.0
222 verbose installOne of path-to-regexp to /Applications/MAMP/htdocs/react_proto/project/route/node_modules/react-route not in flight; installing
223 verbose correctMkdir /Users/we/.npm/_locks correctMkdir not in flight; initializing
224 verbose lock using /Users/we/.npm/_locks/object-assign-369bc93364f51e70.lock for /Applications/MAMP/htdocs/react_proto/project/route/node_modules/react-route/node_modules/object-assign
225 silly install write writing object-assign 3.0.0 to /Applications/MAMP/htdocs/react_proto/project/route/node_modules/react-route/node_modules/object-assign
226 verbose lock using /Users/we/.npm/_locks/component-emitter-2473edd4d3ac17bf.lock for /Applications/MAMP/htdocs/react_proto/project/route/node_modules/react-route/node_modules/component-emitter
227 verbose lock using /Users/we/.npm/_locks/path-to-regexp-bf5558f210537650.lock for /Applications/MAMP/htdocs/react_proto/project/route/node_modules/react-route/node_modules/path-to-regexp
228 silly install write writing component-emitter 1.2.1 to /Applications/MAMP/htdocs/react_proto/project/route/node_modules/react-route/node_modules/component-emitter
229 silly install write writing path-to-regexp 1.7.0 to /Applications/MAMP/htdocs/react_proto/project/route/node_modules/react-route/node_modules/path-to-regexp
230 verbose unbuild node_modules/react-route/node_modules/object-assign
231 verbose unbuild node_modules/react-route/node_modules/component-emitter
232 silly gentlyRm /Applications/MAMP/htdocs/react_proto/project/route/node_modules/react-route/node_modules/object-assign is being purged from base /Applications/MAMP/htdocs/react_proto/project/route
233 verbose gentlyRm don't care about contents; nuking /Applications/MAMP/htdocs/react_proto/project/route/node_modules/react-route/node_modules/object-assign
234 verbose tar unpack /Users/we/.npm/object-assign/3.0.0/package.tgz
235 verbose tar unpacking to /Applications/MAMP/htdocs/react_proto/project/route/node_modules/react-route/node_modules/object-assign
236 silly gentlyRm /Applications/MAMP/htdocs/react_proto/project/route/node_modules/react-route/node_modules/object-assign is being purged
237 verbose gentlyRm don't care about contents; nuking /Applications/MAMP/htdocs/react_proto/project/route/node_modules/react-route/node_modules/object-assign
238 verbose unbuild node_modules/react-route/node_modules/path-to-regexp
239 silly gentlyRm /Applications/MAMP/htdocs/react_proto/project/route/node_modules/react-route/node_modules/component-emitter is being purged from base /Applications/MAMP/htdocs/react_proto/project/route
240 verbose gentlyRm don't care about contents; nuking /Applications/MAMP/htdocs/react_proto/project/route/node_modules/react-route/node_modules/component-emitter
241 silly gunzTarPerm modes [ '755', '644' ]
242 verbose tar unpack /Users/we/.npm/component-emitter/1.2.1/package.tgz
243 verbose tar unpacking to /Applications/MAMP/htdocs/react_proto/project/route/node_modules/react-route/node_modules/component-emitter
244 silly gentlyRm /Applications/MAMP/htdocs/react_proto/project/route/node_modules/react-route/node_modules/component-emitter is being purged
245 verbose gentlyRm don't care about contents; nuking /Applications/MAMP/htdocs/react_proto/project/route/node_modules/react-route/node_modules/component-emitter
246 silly gunzTarPerm modes [ '755', '644' ]
247 silly gentlyRm /Applications/MAMP/htdocs/react_proto/project/route/node_modules/react-route/node_modules/path-to-regexp is being purged from base /Applications/MAMP/htdocs/react_proto/project/route
248 verbose gentlyRm don't care about contents; nuking /Applications/MAMP/htdocs/react_proto/project/route/node_modules/react-route/node_modules/path-to-regexp
249 verbose tar unpack /Users/we/.npm/path-to-regexp/1.7.0/package.tgz
250 verbose tar unpacking to /Applications/MAMP/htdocs/react_proto/project/route/node_modules/react-route/node_modules/path-to-regexp
251 silly gentlyRm /Applications/MAMP/htdocs/react_proto/project/route/node_modules/react-route/node_modules/path-to-regexp is being purged
252 verbose gentlyRm don't care about contents; nuking /Applications/MAMP/htdocs/react_proto/project/route/node_modules/react-route/node_modules/path-to-regexp
253 silly gunzTarPerm modes [ '755', '644' ]
254 silly gunzTarPerm extractEntry package.json
255 silly gunzTarPerm extractEntry LICENSE
256 silly gunzTarPerm extractEntry index.js
257 silly gunzTarPerm extractEntry History.md
258 silly gunzTarPerm extractEntry Readme.md
259 silly gunzTarPerm extractEntry index.d.ts
260 verbose write writing to /Applications/MAMP/htdocs/react_proto/project/route/node_modules/react-route/node_modules/path-to-regexp/package.json
261 silly gunzTarPerm extractEntry package.json
262 info preinstall path-to-regexp@1.7.0
263 verbose readDependencies loading dependencies from /Applications/MAMP/htdocs/react_proto/project/route/node_modules/react-route/node_modules/path-to-regexp/package.json
264 silly gunzTarPerm extractEntry index.js
265 silly gunzTarPerm extractEntry license
266 silly prepareForInstallMany adding isarray@0.0.1 from path-to-regexp dependencies
267 verbose readDependencies loading dependencies from /Applications/MAMP/htdocs/react_proto/project/route/node_modules/react-route/node_modules/path-to-regexp/package.json
268 silly gunzTarPerm extractEntry package.json
269 silly gunzTarPerm modified mode [ 'package.json', 438, 420 ]
270 silly gunzTarPerm extractEntry readme.md
271 silly gunzTarPerm extractEntry LICENSE
272 silly gunzTarPerm modified mode [ 'LICENSE', 438, 420 ]
273 silly gunzTarPerm extractEntry index.js
274 silly gunzTarPerm modified mode [ 'index.js', 438, 420 ]
275 silly cache add args [ 'isarray@0.0.1', null ]
276 verbose cache add spec isarray@0.0.1
277 silly cache add parsed spec Result {
277 silly cache add   raw: 'isarray@0.0.1',
277 silly cache add   scope: null,
277 silly cache add   name: 'isarray',
277 silly cache add   rawSpec: '0.0.1',
277 silly cache add   spec: '0.0.1',
277 silly cache add   type: 'version' }
278 silly addNamed isarray@0.0.1
279 verbose addNamed "0.0.1" is a plain semver version for isarray
280 silly mapToRegistry name isarray
281 silly mapToRegistry using default registry
282 silly mapToRegistry registry https://registry.npmjs.org/
283 silly mapToRegistry data Result {
283 silly mapToRegistry   raw: 'isarray',
283 silly mapToRegistry   scope: null,
283 silly mapToRegistry   name: 'isarray',
283 silly mapToRegistry   rawSpec: '',
283 silly mapToRegistry   spec: 'latest',
283 silly mapToRegistry   type: 'tag' }
284 silly mapToRegistry uri https://registry.npmjs.org/isarray
285 verbose addNameVersion registry:https://registry.npmjs.org/isarray not in flight; fetching
286 silly gunzTarPerm extractEntry History.md
287 silly gunzTarPerm modified mode [ 'History.md', 438, 420 ]
288 silly gunzTarPerm extractEntry Readme.md
289 silly gunzTarPerm modified mode [ 'Readme.md', 438, 420 ]
290 verbose write writing to /Applications/MAMP/htdocs/react_proto/project/route/node_modules/react-route/node_modules/object-assign/package.json
291 info preinstall object-assign@3.0.0
292 verbose readDependencies loading dependencies from /Applications/MAMP/htdocs/react_proto/project/route/node_modules/react-route/node_modules/object-assign/package.json
293 verbose readDependencies loading dependencies from /Applications/MAMP/htdocs/react_proto/project/route/node_modules/react-route/node_modules/object-assign/package.json
294 verbose write writing to /Applications/MAMP/htdocs/react_proto/project/route/node_modules/react-route/node_modules/component-emitter/package.json
295 silly install resolved []
296 verbose about to build /Applications/MAMP/htdocs/react_proto/project/route/node_modules/react-route/node_modules/object-assign
297 info build /Applications/MAMP/htdocs/react_proto/project/route/node_modules/react-route/node_modules/object-assign
298 info preinstall component-emitter@1.2.1
299 info linkStuff object-assign@3.0.0
300 silly linkStuff object-assign@3.0.0 has /Applications/MAMP/htdocs/react_proto/project/route/node_modules/react-route/node_modules as its parent node_modules
301 verbose readDependencies loading dependencies from /Applications/MAMP/htdocs/react_proto/project/route/node_modules/react-route/node_modules/component-emitter/package.json
302 verbose readDependencies loading dependencies from /Applications/MAMP/htdocs/react_proto/project/route/node_modules/react-route/node_modules/component-emitter/package.json
303 verbose linkBins object-assign@3.0.0
304 verbose linkMans object-assign@3.0.0
305 verbose rebuildBundles object-assign@3.0.0
306 info install object-assign@3.0.0
307 info postinstall object-assign@3.0.0
308 silly install resolved []
309 verbose about to build /Applications/MAMP/htdocs/react_proto/project/route/node_modules/react-route/node_modules/component-emitter
310 info build /Applications/MAMP/htdocs/react_proto/project/route/node_modules/react-route/node_modules/component-emitter
311 verbose request uri https://registry.npmjs.org/isarray
312 verbose request no auth needed
313 info attempt registry request try #1 at 10:57:02
314 verbose etag W/"5818d2eb-226a"
315 verbose lastModified Tue, 01 Nov 2016 17:37:47 GMT
316 http request GET https://registry.npmjs.org/isarray
317 verbose unlock done using /Users/we/.npm/_locks/object-assign-369bc93364f51e70.lock for /Applications/MAMP/htdocs/react_proto/project/route/node_modules/react-route/node_modules/object-assign
318 info linkStuff component-emitter@1.2.1
319 silly linkStuff component-emitter@1.2.1 has /Applications/MAMP/htdocs/react_proto/project/route/node_modules/react-route/node_modules as its parent node_modules
320 verbose linkBins component-emitter@1.2.1
321 verbose linkMans component-emitter@1.2.1
322 verbose rebuildBundles component-emitter@1.2.1
323 info install component-emitter@1.2.1
324 info postinstall component-emitter@1.2.1
325 verbose unlock done using /Users/we/.npm/_locks/component-emitter-2473edd4d3ac17bf.lock for /Applications/MAMP/htdocs/react_proto/project/route/node_modules/react-route/node_modules/component-emitter
326 http 304 https://registry.npmjs.org/isarray
327 verbose headers { date: 'Mon, 28 Nov 2016 01:57:03 GMT',
327 verbose headers   via: '1.1 varnish',
327 verbose headers   'cache-control': 'max-age=300',
327 verbose headers   etag: 'W/"5818d2eb-226a"',
327 verbose headers   age: '88',
327 verbose headers   connection: 'keep-alive',
327 verbose headers   'x-served-by': 'cache-nrt6126-NRT',
327 verbose headers   'x-cache': 'HIT',
327 verbose headers   'x-cache-hits': '2',
327 verbose headers   'x-timer': 'S1480298223.748491,VS0,VE0',
327 verbose headers   vary: 'Accept-Encoding' }
328 silly get cb [ 304,
328 silly get   { date: 'Mon, 28 Nov 2016 01:57:03 GMT',
328 silly get     via: '1.1 varnish',
328 silly get     'cache-control': 'max-age=300',
328 silly get     etag: 'W/"5818d2eb-226a"',
328 silly get     age: '88',
328 silly get     connection: 'keep-alive',
328 silly get     'x-served-by': 'cache-nrt6126-NRT',
328 silly get     'x-cache': 'HIT',
328 silly get     'x-cache-hits': '2',
328 silly get     'x-timer': 'S1480298223.748491,VS0,VE0',
328 silly get     vary: 'Accept-Encoding' } ]
329 verbose etag https://registry.npmjs.org/isarray from cache
330 verbose get saving isarray to /Users/we/.npm/registry.npmjs.org/isarray/.cache.json
331 verbose correctMkdir /Users/we/.npm correctMkdir not in flight; initializing
332 silly cache afterAdd isarray@0.0.1
333 verbose afterAdd /Users/we/.npm/isarray/0.0.1/package/package.json not in flight; writing
334 verbose correctMkdir /Users/we/.npm correctMkdir not in flight; initializing
335 verbose afterAdd /Users/we/.npm/isarray/0.0.1/package/package.json written
336 silly install resolved [ { name: 'isarray',
336 silly install resolved     description: 'Array#isArray for older browsers',
336 silly install resolved     version: '0.0.1',
336 silly install resolved     repository:
336 silly install resolved      { type: 'git',
336 silly install resolved        url: 'git://github.com/juliangruber/isarray.git' },
336 silly install resolved     homepage: 'https://github.com/juliangruber/isarray',
336 silly install resolved     main: 'index.js',
336 silly install resolved     scripts: { test: 'tap test/*.js' },
336 silly install resolved     dependencies: {},
336 silly install resolved     devDependencies: { tap: '*' },
336 silly install resolved     keywords: [ 'browser', 'isarray', 'array' ],
336 silly install resolved     author:
336 silly install resolved      { name: 'Julian Gruber',
336 silly install resolved        email: 'mail@juliangruber.com',
336 silly install resolved        url: 'http://juliangruber.com' },
336 silly install resolved     license: 'MIT',
336 silly install resolved     _id: 'isarray@0.0.1',
336 silly install resolved     dist:
336 silly install resolved      { shasum: '8a18acfca9a8f4177e09abfc6038939b05d1eedf',
336 silly install resolved        tarball: 'https://registry.npmjs.org/isarray/-/isarray-0.0.1.tgz' },
336 silly install resolved     _from: 'isarray@0.0.1',
336 silly install resolved     _npmVersion: '1.2.18',
336 silly install resolved     _npmUser: { name: 'juliangruber', email: 'julian@juliangruber.com' },
336 silly install resolved     maintainers: [ [Object] ],
336 silly install resolved     directories: {},
336 silly install resolved     _shasum: '8a18acfca9a8f4177e09abfc6038939b05d1eedf',
336 silly install resolved     _resolved: 'https://registry.npmjs.org/isarray/-/isarray-0.0.1.tgz',
336 silly install resolved     bugs: { url: 'https://github.com/juliangruber/isarray/issues' },
336 silly install resolved     readme: 'ERROR: No README data found!' } ]
337 info install isarray@0.0.1 into /Applications/MAMP/htdocs/react_proto/project/route/node_modules/react-route/node_modules/path-to-regexp
338 info installOne isarray@0.0.1
339 verbose installOne of isarray to /Applications/MAMP/htdocs/react_proto/project/route/node_modules/react-route/node_modules/path-to-regexp not in flight; installing
340 verbose correctMkdir /Users/we/.npm/_locks correctMkdir not in flight; initializing
341 verbose lock using /Users/we/.npm/_locks/isarray-b3bc00b4ff2b3ed7.lock for /Applications/MAMP/htdocs/react_proto/project/route/node_modules/react-route/node_modules/path-to-regexp/node_modules/isarray
342 silly install write writing isarray 0.0.1 to /Applications/MAMP/htdocs/react_proto/project/route/node_modules/react-route/node_modules/path-to-regexp/node_modules/isarray
343 verbose unbuild node_modules/react-route/node_modules/path-to-regexp/node_modules/isarray
344 silly gentlyRm /Applications/MAMP/htdocs/react_proto/project/route/node_modules/react-route/node_modules/path-to-regexp/node_modules/isarray is being purged from base /Applications/MAMP/htdocs/react_proto/project/route
345 verbose gentlyRm don't care about contents; nuking /Applications/MAMP/htdocs/react_proto/project/route/node_modules/react-route/node_modules/path-to-regexp/node_modules/isarray
346 verbose tar unpack /Users/we/.npm/isarray/0.0.1/package.tgz
347 verbose tar unpacking to /Applications/MAMP/htdocs/react_proto/project/route/node_modules/react-route/node_modules/path-to-regexp/node_modules/isarray
348 silly gentlyRm /Applications/MAMP/htdocs/react_proto/project/route/node_modules/react-route/node_modules/path-to-regexp/node_modules/isarray is being purged
349 verbose gentlyRm don't care about contents; nuking /Applications/MAMP/htdocs/react_proto/project/route/node_modules/react-route/node_modules/path-to-regexp/node_modules/isarray
350 silly gunzTarPerm modes [ '755', '644' ]
351 silly gunzTarPerm extractEntry package.json
352 silly gunzTarPerm extractEntry README.md
353 silly gunzTarPerm extractEntry index.js
354 silly gunzTarPerm extractEntry build/build.js
355 silly gunzTarPerm extractEntry component.json
356 verbose write writing to /Applications/MAMP/htdocs/react_proto/project/route/node_modules/react-route/node_modules/path-to-regexp/node_modules/isarray/package.json
357 info preinstall isarray@0.0.1
358 verbose readDependencies loading dependencies from /Applications/MAMP/htdocs/react_proto/project/route/node_modules/react-route/node_modules/path-to-regexp/node_modules/isarray/package.json
359 verbose readDependencies loading dependencies from /Applications/MAMP/htdocs/react_proto/project/route/node_modules/react-route/node_modules/path-to-regexp/node_modules/isarray/package.json
360 silly install resolved []
361 verbose about to build /Applications/MAMP/htdocs/react_proto/project/route/node_modules/react-route/node_modules/path-to-regexp/node_modules/isarray
362 info build /Applications/MAMP/htdocs/react_proto/project/route/node_modules/react-route/node_modules/path-to-regexp/node_modules/isarray
363 info linkStuff isarray@0.0.1
364 silly linkStuff isarray@0.0.1 has /Applications/MAMP/htdocs/react_proto/project/route/node_modules/react-route/node_modules/path-to-regexp/node_modules as its parent node_modules
365 verbose linkBins isarray@0.0.1
366 verbose linkMans isarray@0.0.1
367 verbose rebuildBundles isarray@0.0.1
368 info install isarray@0.0.1
369 info postinstall isarray@0.0.1
370 verbose unlock done using /Users/we/.npm/_locks/isarray-b3bc00b4ff2b3ed7.lock for /Applications/MAMP/htdocs/react_proto/project/route/node_modules/react-route/node_modules/path-to-regexp/node_modules/isarray
371 verbose about to build /Applications/MAMP/htdocs/react_proto/project/route/node_modules/react-route/node_modules/path-to-regexp
372 info build /Applications/MAMP/htdocs/react_proto/project/route/node_modules/react-route/node_modules/path-to-regexp
373 info linkStuff path-to-regexp@1.7.0
374 silly linkStuff path-to-regexp@1.7.0 has /Applications/MAMP/htdocs/react_proto/project/route/node_modules/react-route/node_modules as its parent node_modules
375 verbose linkBins path-to-regexp@1.7.0
376 verbose linkMans path-to-regexp@1.7.0
377 verbose rebuildBundles path-to-regexp@1.7.0
378 verbose rebuildBundles [ 'isarray' ]
379 info install path-to-regexp@1.7.0
380 info postinstall path-to-regexp@1.7.0
381 verbose unlock done using /Users/we/.npm/_locks/path-to-regexp-bf5558f210537650.lock for /Applications/MAMP/htdocs/react_proto/project/route/node_modules/react-route/node_modules/path-to-regexp
382 verbose about to build /Applications/MAMP/htdocs/react_proto/project/route/node_modules/react-route
383 info build /Applications/MAMP/htdocs/react_proto/project/route/node_modules/react-route
384 info linkStuff react-route@1.0.3
385 silly linkStuff react-route@1.0.3 has /Applications/MAMP/htdocs/react_proto/project/route/node_modules as its parent node_modules
386 verbose linkBins react-route@1.0.3
387 verbose linkMans react-route@1.0.3
388 verbose rebuildBundles react-route@1.0.3
389 verbose rebuildBundles [ 'component-emitter', 'object-assign', 'path-to-regexp' ]
390 info install react-route@1.0.3
391 info postinstall react-route@1.0.3
392 verbose readDependencies loading dependencies from /Applications/MAMP/htdocs/react_proto/project/route/package.json
393 verbose targetResolver reading package data from /Applications/MAMP/htdocs/react_proto/project/route/node_modules/babel-core/package.json
394 verbose targetResolver reading package data from /Applications/MAMP/htdocs/react_proto/project/route/node_modules/babel-loader/package.json
395 verbose targetResolver reading package data from /Applications/MAMP/htdocs/react_proto/project/route/node_modules/babel-preset-react/package.json
396 verbose targetResolver reading package data from /Applications/MAMP/htdocs/react_proto/project/route/node_modules/react/package.json
397 verbose targetResolver reading package data from /Applications/MAMP/htdocs/react_proto/project/route/node_modules/react-dom/package.json
398 verbose targetResolver reading package data from /Applications/MAMP/htdocs/react_proto/project/route/node_modules/react-route/package.json
399 verbose targetResolver reading package data from /Applications/MAMP/htdocs/react_proto/project/route/node_modules/react-router/package.json
400 verbose targetResolver reading package data from /Applications/MAMP/htdocs/react_proto/project/route/node_modules/webpack/package.json
401 verbose targetResolver reading package data from /Applications/MAMP/htdocs/react_proto/project/route/node_modules/webpack-dev-server/package.json
402 verbose targetResolver reading package data from /Applications/MAMP/htdocs/react_proto/project/route/node_modules/.bin/webpack/package.json
403 verbose targetResolver reading package data from /Applications/MAMP/htdocs/react_proto/project/route/node_modules/.bin/webpack-dev-server/package.json
404 verbose already installed skipping react@^0.13.3 || ^0.14.0-rc1 /Applications/MAMP/htdocs/react_proto/project/route
405 silly install resolved []
406 verbose unlock done using /Users/we/.npm/_locks/react-route-8c961de24c04ae04.lock for /Applications/MAMP/htdocs/react_proto/project/route/node_modules/react-route
407 verbose validateInstall loading /Applications/MAMP/htdocs/react_proto/project/route/package.json for validation
408 verbose stack Error: The package react@15.4.1 does not satisfy its siblings' peerDependencies requirements!
408 verbose stack     at /usr/local/lib/node_modules/npm/lib/install.js:125:32
408 verbose stack     at /usr/local/lib/node_modules/npm/lib/install.js:268:7
408 verbose stack     at /usr/local/lib/node_modules/npm/node_modules/read-installed/read-installed.js:142:5
408 verbose stack     at /usr/local/lib/node_modules/npm/node_modules/read-installed/read-installed.js:263:14
408 verbose stack     at cb (/usr/local/lib/node_modules/npm/node_modules/slide/lib/async-map.js:47:24)
408 verbose stack     at /usr/local/lib/node_modules/npm/node_modules/read-installed/read-installed.js:263:14
408 verbose stack     at cb (/usr/local/lib/node_modules/npm/node_modules/slide/lib/async-map.js:47:24)
408 verbose stack     at /usr/local/lib/node_modules/npm/node_modules/read-installed/read-installed.js:263:14
408 verbose stack     at cb (/usr/local/lib/node_modules/npm/node_modules/slide/lib/async-map.js:47:24)
408 verbose stack     at /usr/local/lib/node_modules/npm/node_modules/read-installed/read-installed.js:263:14
409 verbose cwd /Applications/MAMP/htdocs/react_proto/project/route
410 error Darwin 13.4.0
411 error argv "/usr/local/bin/node" "/usr/local/bin/npm" "install" "--save-dev" "react-route"
412 error node v4.4.7
413 error npm  v2.15.8
414 error code EPEERINVALID
415 error peerinvalid The package react@15.4.1 does not satisfy its siblings' peerDependencies requirements!
415 error peerinvalid Peer react-route@1.0.3 wants react@^0.13.3 || ^0.14.0-rc1
415 error peerinvalid Peer react-router@3.0.0 wants react@^0.14.0 || ^15.0.0
415 error peerinvalid Peer react-dom@15.4.1 wants react@^15.4.1
416 verbose exit [ 1, true ]
